<?xml version="1.0" encoding="UTF-8"?>
<testsuite xmlns:xsi="http://www.w3.org/2001/XMLSchema-instance" xsi:noNamespaceSchemaLocation="https://maven.apache.org/surefire/maven-surefire-plugin/xsd/surefire-test-report.xsd" name="com.TestStringService" time="0.198" tests="5" errors="0" skipped="0" failures="0">
  <properties>
[...]
</properties>
  <testcase name="testTruncateAInFirst2Positions" classname="com.TestStringService" time="0"/>
  <testcase name="testAreFirstAndLastTwoCharactersTheSame" classname="com.TestStringService" time="0"/>
  <testcase name="testHelloName" classname="com.TestStringService" time="0"/>
  <testcase name="testHelloName1" classname="com.TestStringService" time="0"/>
  <testcase name="testHelloName2" classname="com.TestStringService" time="0"/>
</testsuite>